# JRE version: Java(TM) SE Runtime Environment (8.0_144-b01) (build 1.8.0_144-b01)
# Java VM: Java HotSpot(TM) Client VM (25.144-b01 mixed mode windows-x86 )
Heap:
 def new generation   total 4992K, used 3610K [0x04800000, 0x04d60000, 0x09d50000)
  eden space 4480K,  80% used [0x04800000, 0x04b82840, 0x04c60000)
  from space 512K,   3% used [0x04ce0000, 0x04ce4298, 0x04d60000)
  to   space 512K,   0% used [0x04c60000, 0x04c60000, 0x04ce0000)
 tenured generation   total 10944K, used 6457K [0x09d50000, 0x0a800000, 0x14800000)
   the space 10944K,  59% used [0x09d50000, 0x0a39e6c8, 0x0a39e800, 0x0a800000)
 Metaspace       used 9185K, capacity 9518K, committed 9600K, reserved 9600K
GC Heap History (10 events):
Event: 3214.115 GC heap before
{Heap before GC invocations=1010 (full 38):
 def new generation   total 4992K, used 4480K [0x04800000, 0x04d60000, 0x09d50000)
  eden space 4480K, 100% used [0x04800000, 0x04c60000, 0x04c60000)
  from space 512K,   0% used [0x04c60000, 0x04c60000, 0x04ce0000)
  to   space 512K,   0% used [0x04ce0000, 0x04ce0000, 0x04d60000)
 tenured generation   total 10944K, used 2592K [0x09d50000, 0x0a800000, 0x14800000)
   the space 10944K,  23% used [0x09d50000, 0x09fd80b0, 0x09fd8200, 0x0a800000)
 Metaspace       used 9178K, capacity 9510K, committed 9600K, reserved 9600K
Event: 3214.118 GC heap after
Heap after GC invocations=1011 (full 38):
 def new generation   total 4992K, used 0K [0x04800000, 0x04d60000, 0x09d50000)
  eden space 4480K,   0% used [0x04800000, 0x04800000, 0x04c60000)
  from space 512K,   0% used [0x04ce0000, 0x04ce0030, 0x04d60000)
  to   space 512K,   0% used [0x04c60000, 0x04c60000, 0x04ce0000)
 tenured generation   total 10944K, used 3744K [0x09d50000, 0x0a800000, 0x14800000)
   the space 10944K,  34% used [0x09d50000, 0x0a0f80b8, 0x0a0f8200, 0x0a800000)
 Metaspace       used 9178K, capacity 9510K, committed 9600K, reserved 9600K
}
Event: 3214.182 GC heap before
{Heap before GC invocations=1011 (full 38):
 def new generation   total 4992K, used 4480K [0x04800000, 0x04d60000, 0x09d50000)
  eden space 4480K, 100% used [0x04800000, 0x04c60000, 0x04c60000)
  from space 512K,   0% used [0x04ce0000, 0x04ce0030, 0x04d60000)
  to   space 512K,   0% used [0x04c60000, 0x04c60000, 0x04ce0000)
 tenured generation   total 10944K, used 3744K [0x09d50000, 0x0a800000, 0x14800000)
   the space 10944K,  34% used [0x09d50000, 0x0a0f80b8, 0x0a0f8200, 0x0a800000)
 Metaspace       used 9178K, capacity 9510K, committed 9600K, reserved 9600K
Event: 3214.185 GC heap after
Heap after GC invocations=1012 (full 38):
 def new generation   total 4992K, used 16K [0x04800000, 0x04d60000, 0x09d50000)
  eden space 4480K,   0% used [0x04800000, 0x04800000, 0x04c60000)
  from space 512K,   3% used [0x04c60000, 0x04c642b0, 0x04ce0000)
  to   space 512K,   0% used [0x04ce0000, 0x04ce0000, 0x04d60000)
 tenured generation   total 10944K, used 4514K [0x09d50000, 0x0a800000, 0x14800000)
   the space 10944K,  41% used [0x09d50000, 0x0a1b8b18, 0x0a1b8c00, 0x0a800000)
 Metaspace       used 9178K, capacity 9510K, committed 9600K, reserved 9600K
}
Event: 3214.230 GC heap before
{Heap before GC invocations=1012 (full 38):
 def new generation   total 4992K, used 4496K [0x04800000, 0x04d60000, 0x09d50000)
  eden space 4480K, 100% used [0x04800000, 0x04c60000, 0x04c60000)
  from space 512K,   3% used [0x04c60000, 0x04c642b0, 0x04ce0000)
  to   space 512K,   0% used [0x04ce0000, 0x04ce0000, 0x04d60000)
 tenured generation   total 10944K, used 4514K [0x09d50000, 0x0a800000, 0x14800000)
   the space 10944K,  41% used [0x09d50000, 0x0a1b8b18, 0x0a1b8c00, 0x0a800000)
 Metaspace       used 9178K, capacity 9510K, committed 9600K, reserved 9600K
Event: 3214.233 GC heap after
Heap after GC invocations=1013 (full 38):
 def new generation   total 4992K, used 312K [0x04800000, 0x04d60000, 0x09d50000)
  eden space 4480K,   0% used [0x04800000, 0x04800000, 0x04c60000)
  from space 512K,  61% used [0x04ce0000, 0x04d2e1e8, 0x04d60000)
  to   space 512K,   0% used [0x04c60000, 0x04c60000, 0x04ce0000)
 tenured generation   total 10944K, used 4514K [0x09d50000, 0x0a800000, 0x14800000)
   the space 10944K,  41% used [0x09d50000, 0x0a1b8b18, 0x0a1b8c00, 0x0a800000)
 Metaspace       used 9178K, capacity 9510K, committed 9600K, reserved 9600K
}
Event: 3214.255 GC heap before
{Heap before GC invocations=1013 (full 38):
 def new generation   total 4992K, used 4792K [0x04800000, 0x04d60000, 0x09d50000)
  eden space 4480K, 100% used [0x04800000, 0x04c60000, 0x04c60000)
  from space 512K,  61% used [0x04ce0000, 0x04d2e1e8, 0x04d60000)
  to   space 512K,   0% used [0x04c60000, 0x04c60000, 0x04ce0000)
 tenured generation   total 10944K, used 4514K [0x09d50000, 0x0a800000, 0x14800000)
   the space 10944K,  41% used [0x09d50000, 0x0a1b8b18, 0x0a1b8c00, 0x0a800000)
 Metaspace       used 9178K, capacity 9510K, committed 9600K, reserved 9600K
Event: 3214.258 GC heap after
Heap after GC invocations=1014 (full 38):
 def new generation   total 4992K, used 0K [0x04800000, 0x04d60000, 0x09d50000)
  eden space 4480K,   0% used [0x04800000, 0x04800000, 0x04c60000)
  from space 512K,   0% used [0x04c60000, 0x04c600a0, 0x04ce0000)
  to   space 512K,   0% used [0x04ce0000, 0x04ce0000, 0x04d60000)
 tenured generation   total 10944K, used 5691K [0x09d50000, 0x0a800000, 0x14800000)
   the space 10944K,  52% used [0x09d50000, 0x0a2decc8, 0x0a2dee00, 0x0a800000)
 Metaspace       used 9178K, capacity 9510K, committed 9600K, reserved 9600K
}
Event: 3214.310 GC heap before
{Heap before GC invocations=1014 (full 38):
 def new generation   total 4992K, used 4480K [0x04800000, 0x04d60000, 0x09d50000)
  eden space 4480K, 100% used [0x04800000, 0x04c60000, 0x04c60000)
  from space 512K,   0% used [0x04c60000, 0x04c600a0, 0x04ce0000)
  to   space 512K,   0% used [0x04ce0000, 0x04ce0000, 0x04d60000)
 tenured generation   total 10944K, used 5691K [0x09d50000, 0x0a800000, 0x14800000)
   the space 10944K,  52% used [0x09d50000, 0x0a2decc8, 0x0a2dee00, 0x0a800000)
 Metaspace       used 9178K, capacity 9510K, committed 9600K, reserved 9600K
Event: 3214.313 GC heap after
Heap after GC invocations=1015 (full 38):
 def new generation   total 4992K, used 16K [0x04800000, 0x04d60000, 0x09d50000)
  eden space 4480K,   0% used [0x04800000, 0x04800000, 0x04c60000)
  from space 512K,   3% used [0x04ce0000, 0x04ce4298, 0x04d60000)
  to   space 512K,   0% used [0x04c60000, 0x04c60000, 0x04ce0000)
 tenured generation   total 10944K, used 6457K [0x09d50000, 0x0a800000, 0x14800000)
   the space 10944K,  59% used [0x09d50000, 0x0a39e6c8, 0x0a39e800, 0x0a800000)
 Metaspace       used 9178K, capacity 9510K, committed 9600K, reserved 9600K
}

